# JRE version: OpenJDK Runtime Environment (17.0.7) (build 17.0.7+0-b2043.56-10550314)
# Java VM: OpenJDK 64-Bit Server VM (17.0.7+0-b2043.56-10550314, mixed mode, tiered, compressed oops, compressed class ptrs, g1 gc, windows-amd64)
GC Precious Log:
 CPUs: 8 total, 8 available
 Memory: 16215M
 Large Page Support: Disabled
 NUMA Support: Disabled
 Compressed Oops: Enabled (32-bit)
 Heap Region Size: 1M
 Heap Min Capacity: 8M
 Heap Initial Capacity: 254M
 Heap Max Capacity: 2G
 Pre-touch: Disabled
 Parallel Workers: 8
 Concurrent Workers: 2
 Concurrent Refinement Workers: 8
 Periodic GC: Disabled
Heap:
 garbage-first heap   total 435200K, used 286887K [0x0000000080000000, 0x0000000100000000)
  region size 1024K, 8 young (8192K), 8 survivors (8192K)
 Metaspace       used 148886K, committed 150400K, reserved 1179648K
  class space    used 20422K, committed 21184K, reserved 1048576K
GC Heap History (20 events):
Event: 903.809 GC heap after
{Heap after GC invocations=80 (full 0):
 garbage-first heap   total 435200K, used 249298K [0x0000000080000000, 0x0000000100000000)
  region size 1024K, 11 young (11264K), 11 survivors (11264K)
 Metaspace       used 142003K, committed 143360K, reserved 1179648K
  class space    used 19671K, committed 20352K, reserved 1048576K
}
Event: 2502.975 GC heap before
{Heap before GC invocations=80 (full 0):
 garbage-first heap   total 435200K, used 377298K [0x0000000080000000, 0x0000000100000000)
  region size 1024K, 124 young (126976K), 11 survivors (11264K)
 Metaspace       used 142848K, committed 144192K, reserved 1179648K
  class space    used 19686K, committed 20352K, reserved 1048576K
}
Event: 2504.637 GC heap after
{Heap after GC invocations=81 (full 0):
 garbage-first heap   total 435200K, used 247313K [0x0000000080000000, 0x0000000100000000)
  region size 1024K, 5 young (5120K), 5 survivors (5120K)
 Metaspace       used 142848K, committed 144192K, reserved 1179648K
  class space    used 19686K, committed 20352K, reserved 1048576K
}
Event: 2887.657 GC heap before
{Heap before GC invocations=81 (full 0):
 garbage-first heap   total 435200K, used 263697K [0x0000000080000000, 0x0000000100000000)
  region size 1024K, 21 young (21504K), 5 survivors (5120K)
 Metaspace       used 142988K, committed 144384K, reserved 1179648K
  class space    used 19704K, committed 20416K, reserved 1048576K
}
Event: 2887.807 GC heap after
{Heap after GC invocations=82 (full 0):
 garbage-first heap   total 435200K, used 249027K [0x0000000080000000, 0x0000000100000000)
  region size 1024K, 3 young (3072K), 3 survivors (3072K)
 Metaspace       used 142988K, committed 144384K, reserved 1179648K
  class space    used 19704K, committed 20416K, reserved 1048576K
}
Event: 2888.451 GC heap before
{Heap before GC invocations=82 (full 0):
 garbage-first heap   total 435200K, used 266435K [0x0000000080000000, 0x0000000100000000)
  region size 1024K, 21 young (21504K), 3 survivors (3072K)
 Metaspace       used 143723K, committed 145216K, reserved 1179648K
  class space    used 19794K, committed 20544K, reserved 1048576K
}
Event: 2888.455 GC heap after
{Heap after GC invocations=83 (full 0):
 garbage-first heap   total 435200K, used 250071K [0x0000000080000000, 0x0000000100000000)
  region size 1024K, 3 young (3072K), 3 survivors (3072K)
 Metaspace       used 143723K, committed 145216K, reserved 1179648K
  class space    used 19794K, committed 20544K, reserved 1048576K
}
Event: 2889.164 GC heap before
{Heap before GC invocations=83 (full 0):
 garbage-first heap   total 435200K, used 283863K [0x0000000080000000, 0x0000000100000000)
  region size 1024K, 37 young (37888K), 3 survivors (3072K)
 Metaspace       used 143833K, committed 145280K, reserved 1179648K
  class space    used 19801K, committed 20544K, reserved 1048576K
}
Event: 2889.280 GC heap after
{Heap after GC invocations=84 (full 0):
 garbage-first heap   total 435200K, used 254976K [0x0000000080000000, 0x0000000100000000)
  region size 1024K, 5 young (5120K), 5 survivors (5120K)
 Metaspace       used 143833K, committed 145280K, reserved 1179648K
  class space    used 19801K, committed 20544K, reserved 1048576K
}
Event: 2889.814 GC heap before
{Heap before GC invocations=84 (full 0):
 garbage-first heap   total 435200K, used 270336K [0x0000000080000000, 0x0000000100000000)
  region size 1024K, 21 young (21504K), 5 survivors (5120K)
 Metaspace       used 145292K, committed 146752K, reserved 1179648K
  class space    used 19993K, committed 20736K, reserved 1048576K
}
Event: 2889.904 GC heap after
{Heap after GC invocations=85 (full 0):
 garbage-first heap   total 435200K, used 256986K [0x0000000080000000, 0x0000000100000000)
  region size 1024K, 2 young (2048K), 2 survivors (2048K)
 Metaspace       used 145292K, committed 146752K, reserved 1179648K
  class space    used 19993K, committed 20736K, reserved 1048576K
}
Event: 2890.841 GC heap before
{Heap before GC invocations=85 (full 0):
 garbage-first heap   total 435200K, used 299994K [0x0000000080000000, 0x0000000100000000)
  region size 1024K, 45 young (46080K), 2 survivors (2048K)
 Metaspace       used 145708K, committed 147200K, reserved 1179648K
  class space    used 20040K, committed 20800K, reserved 1048576K
}
Event: 2890.937 GC heap after
{Heap after GC invocations=86 (full 0):
 garbage-first heap   total 435200K, used 260782K [0x0000000080000000, 0x0000000100000000)
  region size 1024K, 6 young (6144K), 6 survivors (6144K)
 Metaspace       used 145708K, committed 147200K, reserved 1179648K
  class space    used 20040K, committed 20800K, reserved 1048576K
}
Event: 2891.070 GC heap before
{Heap before GC invocations=86 (full 0):
 garbage-first heap   total 435200K, used 278190K [0x0000000080000000, 0x0000000100000000)
  region size 1024K, 23 young (23552K), 6 survivors (6144K)
 Metaspace       used 145757K, committed 147264K, reserved 1179648K
  class space    used 20040K, committed 20800K, reserved 1048576K
}
Event: 2891.276 GC heap after
{Heap after GC invocations=87 (full 0):
 garbage-first heap   total 435200K, used 262323K [0x0000000080000000, 0x0000000100000000)
  region size 1024K, 2 young (2048K), 2 survivors (2048K)
 Metaspace       used 145757K, committed 147264K, reserved 1179648K
  class space    used 20040K, committed 20800K, reserved 1048576K
}
Event: 3044.546 GC heap before
{Heap before GC invocations=87 (full 0):
 garbage-first heap   total 435200K, used 309427K [0x0000000080000000, 0x0000000100000000)
  region size 1024K, 49 young (50176K), 2 survivors (2048K)
 Metaspace       used 146207K, committed 147712K, reserved 1179648K
  class space    used 20093K, committed 20864K, reserved 1048576K
}
Event: 3044.638 GC heap after
{Heap after GC invocations=88 (full 0):
 garbage-first heap   total 435200K, used 265405K [0x0000000080000000, 0x0000000100000000)
  region size 1024K, 5 young (5120K), 5 survivors (5120K)
 Metaspace       used 146207K, committed 147712K, reserved 1179648K
  class space    used 20093K, committed 20864K, reserved 1048576K
}
Event: 3044.988 GC heap before
{Heap before GC invocations=88 (full 0):
 garbage-first heap   total 435200K, used 291005K [0x0000000080000000, 0x0000000100000000)
  region size 1024K, 31 young (31744K), 5 survivors (5120K)
 Metaspace       used 146320K, committed 147840K, reserved 1179648K
  class space    used 20097K, committed 20864K, reserved 1048576K
}
Event: 3045.072 GC heap after
{Heap after GC invocations=89 (full 0):
 garbage-first heap   total 435200K, used 268884K [0x0000000080000000, 0x0000000100000000)
  region size 1024K, 4 young (4096K), 4 survivors (4096K)
 Metaspace       used 146320K, committed 147840K, reserved 1179648K
  class space    used 20097K, committed 20864K, reserved 1048576K
}
Event: 3046.107 GC heap before
{Heap before GC invocations=89 (full 0):
 garbage-first heap   total 435200K, used 324180K [0x0000000080000000, 0x0000000100000000)
  region size 1024K, 57 young (58368K), 4 survivors (4096K)
 Metaspace       used 148886K, committed 150400K, reserved 1179648K
  class space    used 20422K, committed 21184K, reserved 1048576K
}

